#
# A fatal error has been detected by the Java Runtime Environment:
#
#  SIGBUS (0xa) at pc=0x0000000113faec20, pid=65255, tid=0x0000000000000f03
#
# JRE version: Java(TM) SE Runtime Environment (8.0_211-b12) (build 1.8.0_211-b12)
# Java VM: Java HotSpot(TM) 64-Bit Server VM (25.211-b12 mixed mode bsd-amd64 compressed oops)
# Problematic frame:
# J 37 C2 com.leetcode.demo.base.ReverseSingleLinkedList.reverseRecursion2(Lcom/leetcode/demo/Node;)Lcom/leetcode/demo/Node; (32 bytes) @ 0x0000000113faec20 [0x0000000113faec20+0x0]
#
# Failed to write core dump. Core dumps have been disabled. To enable core dumping, try "ulimit -c unlimited" before starting Java again
#
# If you would like to submit a bug report, please visit:
#   http://bugreport.java.com/bugreport/crash.jsp
#

---------------  T H R E A D  ---------------

Current thread (0x00007fcd4700b800):  JavaThread "main" [_thread_in_Java, id=3843, stack(0x000070000d098000,0x000070000d198000)]

siginfo: si_signo: 10 (SIGBUS), si_code: 2 (BUS_ADRERR), si_addr: 0x000070000d098fd8

Registers:
RAX=0x0000000113faec20, RBX=0x0000000112ae09d8, RCX=0x0000000112ae0b78, RDX=0x0000000113e930e0
RSP=0x000070000d0acfd8, RBP=0x000000076ae137e8, RSI=0x000000076ae137e8, RDI=0x0000000000000000
R8 =0x0000000000201aad, R9 =0xffffffff00000000, R10=0x00000001086fd820, R11=0x00000000ed5c2734
R12=0x0000000000000000, R13=0x000070000d197860, R14=0x000070000d1978c8, R15=0x00007fcd4700b800
RIP=0x0000000113faec20, EFLAGS=0x0000000000010282, ERR=0x0000000000000006
  TRAPNO=0x000000000000000e

Top of Stack: (sp=0x000070000d0acfd8)
0x000070000d0acfd8:   0000000113faec40 0000000012ae15a8
0x000070000d0acfe8:   0000000013faec20 0000000012ae15a8
0x000070000d0acff8:   0000000012ae15a8 000000076ae137e8
0x000070000d0ad008:   0000000113faec40 0000000012ae15a8
0x000070000d0ad018:   0000000013faec20 0000000012ae15a8
0x000070000d0ad028:   0000000012ae15a8 000000076ae137e8
0x000070000d0ad038:   0000000113faec40 0000000012ae15a8
0x000070000d0ad048:   0000000013faec20 0000000012ae15a8
0x000070000d0ad058:   0000000012ae15a8 000000076ae137e8
0x000070000d0ad068:   0000000113faec40 0000000012ae15a8
0x000070000d0ad078:   0000000013faec20 0000000012ae15a8
0x000070000d0ad088:   0000000012ae15a8 000000076ae137e8
0x000070000d0ad098:   0000000113faec40 0000000012ae15a8
0x000070000d0ad0a8:   0000000013faec20 0000000012ae15a8
0x000070000d0ad0b8:   0000000012ae15a8 000000076ae137e8
0x000070000d0ad0c8:   0000000113faec40 0000000012ae15a8
0x000070000d0ad0d8:   0000000013faec20 0000000012ae15a8
0x000070000d0ad0e8:   0000000012ae15a8 000000076ae137e8
0x000070000d0ad0f8:   0000000113faec40 0000000012ae15a8
0x000070000d0ad108:   0000000013faec20 0000000012ae15a8
0x000070000d0ad118:   0000000012ae15a8 000000076ae137e8
0x000070000d0ad128:   0000000113faec40 0000000012ae15a8
0x000070000d0ad138:   0000000013faec20 0000000012ae15a8
0x000070000d0ad148:   0000000012ae15a8 000000076ae137e8
0x000070000d0ad158:   0000000113faec40 0000000012ae15a8
0x000070000d0ad168:   0000000013faec20 0000000012ae15a8
0x000070000d0ad178:   0000000012ae15a8 000000076ae137e8
0x000070000d0ad188:   0000000113faec40 0000000012ae15a8
0x000070000d0ad198:   0000000013faec20 0000000012ae15a8
0x000070000d0ad1a8:   0000000012ae15a8 000000076ae137e8
0x000070000d0ad1b8:   0000000113faec40 0000000012ae15a8
0x000070000d0ad1c8:   0000000013faec20 0000000012ae15a8 

Instructions: (pc=0x0000000113faec20)
0x0000000113faec00:   0f 64 05 64 0b 64 05 64 0d 64 0a 64 05 64 0c 00
0x0000000113faec10:   01 f8 e5 ff 00 50 00 c0 0a 64 05 64 0f 64 00 00
0x0000000113faec20:   89 84 24 00 c0 fe ff 55 48 83 ec 20 48 8b ee 44
0x0000000113faec30:   8b 5e 10 45 85 db 74 61 66 66 90 e8 e0 ff ff ff 

Register to memory mapping:

RAX=0x0000000113faec20 is at entry_point+0 in (nmethod*)0x0000000113faead0
RBX={method} {0x0000000112ae09d8} 'reverseRecursion2' '(Lcom/leetcode/demo/Node;)Lcom/leetcode/demo/Node;' in 'com/leetcode/demo/base/ReverseSingleLinkedList'
RCX=0x0000000112ae0b78 is pointing into metadata
RDX=0x0000000113e930e0 is at code_begin+1664 in an Interpreter codelet
invoke return entry points  [0x0000000113e92a60, 0x0000000113e93440]  2528 bytes
RSP=0x000070000d0acfd8 is pointing into the stack for thread: 0x00007fcd4700b800
RBP=0x000000076ae137e8 is an oop
com.leetcode.demo.Node 
 - klass: 'com/leetcode/demo/Node'
RSI=0x000000076ae137e8 is an oop
com.leetcode.demo.Node 
 - klass: 'com/leetcode/demo/Node'
RDI=0x0000000000000000 is an unknown value
R8 =0x0000000000201aad is an unknown value
R9 =0xffffffff00000000 is an unknown value
R10=0x00000001086fd820: _ZN19TemplateInterpreter20_invoke_return_entryE+0 in /Library/Java/JavaVirtualMachines/jdk1.8.0_211.jdk/Contents/Home/jre/lib/server/libjvm.dylib at 0x0000000107e00000
R11=0x00000000ed5c2734 is an unknown value
R12=0x0000000000000000 is an unknown value
R13=0x000070000d197860 is pointing into the stack for thread: 0x00007fcd4700b800
R14=0x000070000d1978c8 is pointing into the stack for thread: 0x00007fcd4700b800
R15=0x00007fcd4700b800 is a thread


Stack: [0x000070000d098000,0x000070000d198000],  sp=0x000070000d0acfd8,  free space=83k
Native frames: (J=compiled Java code, j=interpreted, Vv=VM code, C=native code)
J 37 C2 com.leetcode.demo.base.ReverseSingleLinkedList.reverseRecursion2(Lcom/leetcode/demo/Node;)Lcom/leetcode/demo/Node; (32 bytes) @ 0x0000000113faec20 [0x0000000113faec20+0x0]
C  0x000000076ae137e8


---------------  P R O C E S S  ---------------

Java Threads: ( => current thread )
  0x00007fcd46860800 JavaThread "SIGINT handler" daemon [_thread_blocked, id=15115, stack(0x000070000dab9000,0x000070000dbb9000)]
  0x00007fcd4804f800 JavaThread "Service Thread" daemon [_thread_blocked, id=18179, stack(0x000070000e0cb000,0x000070000e1cb000)]
  0x00007fcd4685d800 JavaThread "C1 CompilerThread2" daemon [_thread_blocked, id=18691, stack(0x000070000dfc8000,0x000070000e0c8000)]
  0x00007fcd460a5800 JavaThread "C2 CompilerThread1" daemon [_thread_blocked, id=16131, stack(0x000070000dec5000,0x000070000dfc5000)]
  0x00007fcd4685d000 JavaThread "C2 CompilerThread0" daemon [_thread_blocked, id=19203, stack(0x000070000ddc2000,0x000070000dec2000)]
  0x00007fcd46038000 JavaThread "JDWP Event Helper Thread" daemon [_thread_blocked, id=15363, stack(0x000070000dbbc000,0x000070000dcbc000)]
  0x00007fcd4700c800 JavaThread "Finalizer" daemon [_thread_blocked, id=12291, stack(0x000070000d7ad000,0x000070000d8ad000)]
  0x00007fcd4802b000 JavaThread "Reference Handler" daemon [_thread_blocked, id=11779, stack(0x000070000d6aa000,0x000070000d7aa000)]
=>0x00007fcd4700b800 JavaThread "main" [_thread_in_Java, id=3843, stack(0x000070000d098000,0x000070000d198000)]

Other Threads:
  0x00007fcd48028800 VMThread [stack: 0x000070000d5a7000,0x000070000d6a7000] [id=11267]

VM state:synchronizing (normal execution)

VM Mutex/Monitor currently owned by a thread:  ([mutex/lock_event])
[0x00007fcd45e06a40] Safepoint_lock - owner thread: 0x00007fcd48028800
[0x00007fcd45e06ac0] Threads_lock - owner thread: 0x00007fcd48028800

OutOfMemory and StackOverflow Exception counts:
StackOverflowErrors=2

heap address: 0x00000006c0000000, size: 4096 MB, Compressed Oops mode: Zero based, Oop shift amount: 3
Narrow klass base: 0x0000000000000000, Narrow klass shift: 3
Compressed class space size: 1073741824 Address: 0x00000007c0000000

Heap:
 PSYoungGen      total 76288K, used 7864K [0x000000076ab00000, 0x0000000770000000, 0x00000007c0000000)
  eden space 65536K, 12% used [0x000000076ab00000,0x000000076b2ae2c0,0x000000076eb00000)
  from space 10752K, 0% used [0x000000076f580000,0x000000076f580000,0x0000000770000000)
  to   space 10752K, 0% used [0x000000076eb00000,0x000000076eb00000,0x000000076f580000)
 ParOldGen       total 175104K, used 0K [0x00000006c0000000, 0x00000006cab00000, 0x000000076ab00000)
  object space 175104K, 0% used [0x00000006c0000000,0x00000006c0000000,0x00000006cab00000)
 Metaspace       used 2972K, capacity 4652K, committed 4864K, reserved 1056768K
  class space    used 314K, capacity 424K, committed 512K, reserved 1048576K

Card table byte_map: [0x0000000109179000,0x000000010997a000] byte_map_base: 0x0000000105b79000

Marking Bits: (ParMarkBitMap*) 0x00000001086fbe40
 Begin Bits: [0x0000000109ed0000, 0x000000010ded0000)
 End Bits:   [0x000000010ded0000, 0x0000000111ed0000)

Polling page: 0x0000000107463000

CodeCache: size=245760Kb used=1158Kb max_used=1166Kb free=244601Kb
 bounds [0x0000000113e8b000, 0x00000001140fb000, 0x0000000122e8b000]
 total_blobs=272 nmethods=38 adapters=156
 compilation: enabled

Compilation events (10 events):
Event: 0.370 Thread 0x00007fcd4685d800 nmethod 34 0x0000000113faadd0 code [0x0000000113faaf20, 0x0000000113fab030]
Event: 0.370 Thread 0x00007fcd4685d800   29       3       java.util.HashMap::get (23 bytes)
Event: 0.371 Thread 0x00007fcd4685d800 nmethod 29 0x0000000113fab090 code [0x0000000113fab220, 0x0000000113fab638]
Event: 33.425 Thread 0x00007fcd4685d800   35       1       com.leetcode.demo.Node::getNext (5 bytes)
Event: 33.426 Thread 0x00007fcd4685d800 nmethod 35 0x0000000113fab790 code [0x0000000113fab8e0, 0x0000000113fab9f0]
Event: 56.763 Thread 0x00007fcd4685d000   37       4       com.leetcode.demo.base.ReverseSingleLinkedList::reverseRecursion2 (32 bytes)
Event: 56.766 Thread 0x00007fcd4685d000 nmethod 37 0x0000000113faead0 code [0x0000000113faec20, 0x0000000113faed08]
Event: 56.825 Thread 0x00007fcd4685d800   38       3       java.lang.AbstractStringBuilder::append (50 bytes)
Event: 56.826 Thread 0x00007fcd4685d800 nmethod 38 0x0000000113fade90 code [0x0000000113fae060, 0x0000000113fae7b8]
Event: 56.826 Thread 0x00007fcd4685d800   39       3       java.lang.String::getChars (62 bytes)

GC Heap History (0 events):
No events

Deoptimization events (0 events):
No events

Classes redefined (0 events):
No events

Internal exceptions (4 events):
Event: 0.055 Thread 0x00007fcd4700b800 Exception <a 'java/lang/NoSuchMethodError': Method sun.misc.Unsafe.defineClass(Ljava/lang/String;[BII)Ljava/lang/Class; name or signature does not match> (0x000000076ab07cb0) thrown at [/Users/java_re/workspace/8-2-build-macosx-x86_64/jdk8u211/12973/hotsp
Event: 0.056 Thread 0x00007fcd4700b800 Exception <a 'java/lang/NoSuchMethodError': Method sun.misc.Unsafe.prefetchRead(Ljava/lang/Object;J)V name or signature does not match> (0x000000076ab07f98) thrown at [/Users/java_re/workspace/8-2-build-macosx-x86_64/jdk8u211/12973/hotspot/src/share/vm/pr
Event: 46.920 Thread 0x00007fcd4700b800 Exception <a 'java/lang/StackOverflowError'> (0x000000076ae13a00) thrown at [/Users/java_re/workspace/8-2-build-macosx-x86_64/jdk8u211/12973/hotspot/src/share/vm/interpreter/interpreterRuntime.cpp, line 325]
Event: 56.763 Thread 0x00007fcd4700b800 Exception <a 'java/lang/StackOverflowError'> (0x000000076ae21918) thrown at [/Users/java_re/workspace/8-2-build-macosx-x86_64/jdk8u211/12973/hotspot/src/share/vm/interpreter/interpreterRuntime.cpp, line 325]

Events (10 events):
Event: 56.763 Thread 0x00007fcd46037800 Thread exited: 0x00007fcd46037800
Event: 56.824 loading class sun/misc/Signal$1
Event: 56.825 loading class sun/misc/Signal$1 done
Event: 56.825 Thread 0x00007fcd46860800 Thread added: 0x00007fcd46860800
Event: 56.825 loading class java/lang/Shutdown
Event: 56.825 loading class java/lang/Shutdown done
Event: 56.826 loading class java/lang/Shutdown$Lock
Event: 56.826 loading class java/lang/Shutdown$Lock done
Event: 56.826 Thread 0x00007fcd48034000 Thread exited: 0x00007fcd48034000
Event: 56.826 Executing VM operation: Exit


Dynamic libraries:
0x00007fff3343a000 	/System/Library/Frameworks/Cocoa.framework/Versions/A/Cocoa
0x00007fff40c2f000 	/System/Library/Frameworks/Security.framework/Versions/A/Security
0x00007fff3239f000 	/System/Library/Frameworks/ApplicationServices.framework/Versions/A/ApplicationServices
0x00007fff6d8eb000 	/usr/lib/libz.1.dylib
0x00007fff6b3af000 	/usr/lib/libSystem.B.dylib
0x00007fff6d20f000 	/usr/lib/libobjc.A.dylib
0x00007fff342dc000 	/System/Library/Frameworks/CoreFoundation.framework/Versions/A/CoreFoundation
0x00007fff36999000 	/System/Library/Frameworks/Foundation.framework/Versions/C/Foundation
0x00007fff3158f000 	/System/Library/Frameworks/AppKit.framework/Versions/C/AppKit
0x00007fff33dbe000 	/System/Library/Frameworks/CoreData.framework/Versions/A/CoreData
0x00007fff653c5000 	/System/Library/PrivateFrameworks/UIFoundation.framework/Versions/A/UIFoundation
0x00007fff60459000 	/System/Library/PrivateFrameworks/RemoteViewServices.framework/Versions/A/RemoteViewServices
0x00007fff67f1f000 	/System/Library/PrivateFrameworks/XCTTargetBootstrap.framework/Versions/A/XCTTargetBootstrap
0x00007fff341a9000 	/System/Library/Frameworks/CoreDisplay.framework/Versions/A/CoreDisplay
0x00007fff39853000 	/System/Library/Frameworks/Metal.framework/Versions/A/Metal
0x00007fff4e446000 	/System/Library/PrivateFrameworks/DesktopServicesPriv.framework/Versions/A/DesktopServicesPriv
0x00007fff6c4ea000 	/usr/lib/liblangid.dylib
0x00007fff4d6db000 	/System/Library/PrivateFrameworks/CoreSVG.framework/Versions/A/CoreSVG
0x00007fff635b5000 	/System/Library/PrivateFrameworks/SkyLight.framework/Versions/A/SkyLight
0x00007fff3475d000 	/System/Library/Frameworks/CoreGraphics.framework/Versions/A/CoreGraphics
0x00007fff2ff63000 	/System/Library/Frameworks/Accelerate.framework/Versions/A/Accelerate
0x00007fff6d7dc000 	/usr/lib/libxml2.2.dylib
0x00007fff593e4000 	/System/Library/PrivateFrameworks/IconServices.framework/Versions/A/IconServices
0x00007fff37178000 	/System/Library/Frameworks/IOSurface.framework/Versions/A/IOSurface
0x00007fff6aed9000 	/usr/lib/libDiagnosticMessagesClient.dylib
0x00007fff4e2a0000 	/System/Library/PrivateFrameworks/DFRFoundation.framework/Versions/A/DFRFoundation
0x00007fff6c279000 	/usr/lib/libicucore.A.dylib
0x00007fff326d1000 	/System/Library/Frameworks/AudioToolbox.framework/Versions/A/AudioToolbox
0x00007fff327b4000 	/System/Library/Frameworks/AudioUnit.framework/Versions/A/AudioUnit
0x00007fff6b5b1000 	/usr/lib/libauto.dylib
0x00007fff4e342000 	/System/Library/PrivateFrameworks/DataDetectorsCore.framework/Versions/A/DataDetectorsCore
0x00007fff32f5b000 	/System/Library/Frameworks/Carbon.framework/Versions/A/Frameworks/HIToolbox.framework/Versions/A/HIToolbox
0x00007fff3fe2b000 	/System/Library/Frameworks/QuartzCore.framework/Versions/A/QuartzCore
0x00007fff3329a000 	/System/Library/Frameworks/Carbon.framework/Versions/A/Frameworks/SpeechRecognition.framework/Versions/A/SpeechRecognition
0x00007fff4ddb4000 	/System/Library/PrivateFrameworks/CoreUI.framework/Versions/A/CoreUI
0x00007fff33829000 	/System/Library/Frameworks/CoreAudio.framework/Versions/A/CoreAudio
0x00007fff36658000 	/System/Library/Frameworks/DiskArbitration.framework/Versions/A/DiskArbitration
0x00007fff5b434000 	/System/Library/PrivateFrameworks/MultitouchSupport.framework/Versions/A/MultitouchSupport
0x00007fff6c140000 	/usr/lib/libenergytrace.dylib
0x00007fff370d2000 	/System/Library/Frameworks/IOKit.framework/Versions/A/IOKit
0x00007fff356c4000 	/System/Library/Frameworks/CoreServices.framework/Versions/A/CoreServices
0x00007fff5d5ec000 	/System/Library/PrivateFrameworks/PerformanceAnalysis.framework/Versions/A/PerformanceAnalysis
0x00007fff3ee5e000 	/System/Library/Frameworks/OpenGL.framework/Versions/A/OpenGL
0x00007fff33448000 	/System/Library/Frameworks/ColorSync.framework/Versions/A/ColorSync
0x00007fff34de0000 	/System/Library/Frameworks/CoreImage.framework/Versions/A/CoreImage
0x00007fff36137000 	/System/Library/Frameworks/CoreText.framework/Versions/A/CoreText
0x00007fff37208000 	/System/Library/Frameworks/ImageIO.framework/Versions/A/ImageIO
0x00007fff6b695000 	/usr/lib/libc++.1.dylib
0x00007fff6b711000 	/usr/lib/libcompression.dylib
0x00007fff6b21d000 	/usr/lib/libMobileGestalt.dylib
0x00007fff6512f000 	/System/Library/PrivateFrameworks/TextureIO.framework/Versions/A/TextureIO
0x00007fff6b514000 	/usr/lib/libate.dylib
0x00007fff595ed000 	/System/Library/PrivateFrameworks/InternationalSupport.framework/Versions/A/InternationalSupport
0x00007fff6e1ac000 	/usr/lib/system/libcache.dylib
0x00007fff6e1b2000 	/usr/lib/system/libcommonCrypto.dylib
0x00007fff6e1be000 	/usr/lib/system/libcompiler_rt.dylib
0x00007fff6e1c6000 	/usr/lib/system/libcopyfile.dylib
0x00007fff6e1d0000 	/usr/lib/system/libcorecrypto.dylib
0x00007fff6e36f000 	/usr/lib/system/libdispatch.dylib
0x00007fff6e3b0000 	/usr/lib/system/libdyld.dylib
0x00007fff6e3e7000 	/usr/lib/system/libkeymgr.dylib
0x00007fff6e3f5000 	/usr/lib/system/liblaunch.dylib
0x00007fff6e3f6000 	/usr/lib/system/libmacho.dylib
0x00007fff6e3fc000 	/usr/lib/system/libquarantine.dylib
0x00007fff6e3ff000 	/usr/lib/system/libremovefile.dylib
0x00007fff6e401000 	/usr/lib/system/libsystem_asl.dylib
0x00007fff6e419000 	/usr/lib/system/libsystem_blocks.dylib
0x00007fff6e41a000 	/usr/lib/system/libsystem_c.dylib
0x00007fff6e4a2000 	/usr/lib/system/libsystem_configuration.dylib
0x00007fff6e4a6000 	/usr/lib/system/libsystem_coreservices.dylib
0x00007fff6e4aa000 	/usr/lib/system/libsystem_darwin.dylib
0x00007fff6e4b3000 	/usr/lib/system/libsystem_dnssd.dylib
0x00007fff6e4bb000 	/usr/lib/system/libsystem_featureflags.dylib
0x00007fff6e4bd000 	/usr/lib/system/libsystem_info.dylib
0x00007fff6e538000 	/usr/lib/system/libsystem_m.dylib
0x00007fff6e580000 	/usr/lib/system/libsystem_malloc.dylib
0x00007fff6e5a8000 	/usr/lib/system/libsystem_networkextension.dylib
0x00007fff6e5b6000 	/usr/lib/system/libsystem_notify.dylib
0x00007fff6e5d4000 	/usr/lib/system/libsystem_sandbox.dylib
0x00007fff6e5d9000 	/usr/lib/system/libsystem_secinit.dylib
0x00007fff6e50b000 	/usr/lib/system/libsystem_kernel.dylib
0x00007fff6e5c0000 	/usr/lib/system/libsystem_platform.dylib
0x00007fff6e5c9000 	/usr/lib/system/libsystem_pthread.dylib
0x00007fff6e5dc000 	/usr/lib/system/libsystem_symptoms.dylib
0x00007fff6e5e4000 	/usr/lib/system/libsystem_trace.dylib
0x00007fff6e5fc000 	/usr/lib/system/libunwind.dylib
0x00007fff6e602000 	/usr/lib/system/libxpc.dylib
0x00007fff6b6e8000 	/usr/lib/libc++abi.dylib
0x00007fff6c4ec000 	/usr/lib/liblzma.5.dylib
0x00007fff6c167000 	/usr/lib/libfakelink.dylib
0x00007fff6b4a1000 	/usr/lib/libarchive.2.dylib
0x00007fff41ce0000 	/System/Library/Frameworks/SystemConfiguration.framework/Versions/A/SystemConfiguration
0x00007fff6ae0c000 	/usr/lib/libCRFSuite.dylib
0x00007fff32b4b000 	/System/Library/Frameworks/CFNetwork.framework/Versions/A/CFNetwork
0x00007fff6b677000 	/usr/lib/libbsm.0.dylib
0x00007fff6e3e8000 	/usr/lib/system/libkxld.dylib
0x00007fff47c1d000 	/System/Library/PrivateFrameworks/AppleFSCompression.framework/Versions/A/AppleFSCompression
0x00007fff6ba02000 	/usr/lib/libcoretls.dylib
0x00007fff6ba19000 	/usr/lib/libcoretls_cfhelpers.dylib
0x00007fff6d255000 	/usr/lib/libpam.2.dylib
0x00007fff6d38a000 	/usr/lib/libsqlite3.dylib
0x00007fff6d7c9000 	/usr/lib/libxar.1.dylib
0x00007fff6b688000 	/usr/lib/libbz2.1.0.dylib
0x00007fff6c188000 	/usr/lib/libiconv.2.dylib
0x00007fff6b6fe000 	/usr/lib/libcharset.1.dylib
0x00007fff6ccf2000 	/usr/lib/libnetwork.dylib
0x00007fff6d25c000 	/usr/lib/libpcap.A.dylib
0x00007fff6b456000 	/usr/lib/libapple_nghttp2.dylib
0x00007fff35a7b000 	/System/Library/Frameworks/CoreServices.framework/Versions/A/Frameworks/FSEvents.framework/Versions/A/FSEvents
0x00007fff3574b000 	/System/Library/Frameworks/CoreServices.framework/Versions/A/Frameworks/CarbonCore.framework/Versions/A/CarbonCore
0x00007fff35cbf000 	/System/Library/Frameworks/CoreServices.framework/Versions/A/Frameworks/Metadata.framework/Versions/A/Metadata
0x00007fff35d58000 	/System/Library/Frameworks/CoreServices.framework/Versions/A/Frameworks/OSServices.framework/Versions/A/OSServices
0x00007fff35d86000 	/System/Library/Frameworks/CoreServices.framework/Versions/A/Frameworks/SearchKit.framework/Versions/A/SearchKit
0x00007fff356c5000 	/System/Library/Frameworks/CoreServices.framework/Versions/A/Frameworks/AE.framework/Versions/A/AE
0x00007fff35a84000 	/System/Library/Frameworks/CoreServices.framework/Versions/A/Frameworks/LaunchServices.framework/Versions/A/LaunchServices
0x00007fff35a2d000 	/System/Library/Frameworks/CoreServices.framework/Versions/A/Frameworks/DictionaryServices.framework/Versions/A/DictionaryServices
0x00007fff35dee000 	/System/Library/Frameworks/CoreServices.framework/Versions/A/Frameworks/SharedFileList.framework/Versions/A/SharedFileList
0x00007fff3ac7d000 	/System/Library/Frameworks/NetFS.framework/Versions/A/NetFS
0x00007fff5b964000 	/System/Library/PrivateFrameworks/NetAuth.framework/Versions/A/NetAuth
0x00007fff682ec000 	/System/Library/PrivateFrameworks/login.framework/Versions/A/Frameworks/loginsupport.framework/Versions/A/loginsupport
0x00007fff64bfa000 	/System/Library/PrivateFrameworks/TCC.framework/Versions/A/TCC
0x00007fff4c84e000 	/System/Library/PrivateFrameworks/CoreNLP.framework/Versions/A/CoreNLP
0x00007fff5ae61000 	/System/Library/PrivateFrameworks/MetadataUtilities.framework/Versions/A/MetadataUtilities
0x00007fff6c5c4000 	/usr/lib/libmecabra.dylib
0x00007fff6c51c000 	/usr/lib/libmecab.dylib
0x00007fff6c178000 	/usr/lib/libgermantok.dylib
0x00007fff6b43d000 	/usr/lib/libThaiTokenizer.dylib
0x00007fff6ae43000 	/usr/lib/libChineseTokenizer.dylib
0x00007fff2ff7b000 	/System/Library/Frameworks/Accelerate.framework/Versions/A/Frameworks/vImage.framework/Versions/A/vImage
0x00007fff313e5000 	/System/Library/Frameworks/Accelerate.framework/Versions/A/Frameworks/vecLib.framework/Versions/A/vecLib
0x00007fff31322000 	/System/Library/Frameworks/Accelerate.framework/Versions/A/Frameworks/vecLib.framework/Versions/A/libvMisc.dylib
0x00007fff3114a000 	/System/Library/Frameworks/Accelerate.framework/Versions/A/Frameworks/vecLib.framework/Versions/A/libvDSP.dylib
0x00007fff305d2000 	/System/Library/Frameworks/Accelerate.framework/Versions/A/Frameworks/vecLib.framework/Versions/A/libBLAS.dylib
0x00007fff30d0e000 	/System/Library/Frameworks/Accelerate.framework/Versions/A/Frameworks/vecLib.framework/Versions/A/libLAPACK.dylib
0x00007fff310aa000 	/System/Library/Frameworks/Accelerate.framework/Versions/A/Frameworks/vecLib.framework/Versions/A/libLinearAlgebra.dylib
0x00007fff31137000 	/System/Library/Frameworks/Accelerate.framework/Versions/A/Frameworks/vecLib.framework/Versions/A/libSparseBLAS.dylib
0x00007fff310c0000 	/System/Library/Frameworks/Accelerate.framework/Versions/A/Frameworks/vecLib.framework/Versions/A/libQuadrature.dylib
0x00007fff3083a000 	/System/Library/Frameworks/Accelerate.framework/Versions/A/Frameworks/vecLib.framework/Versions/A/libBNNS.dylib
0x00007fff310c6000 	/System/Library/Frameworks/Accelerate.framework/Versions/A/Frameworks/vecLib.framework/Versions/A/libSparse.dylib
0x00007fff599d5000 	/System/Library/PrivateFrameworks/LanguageModeling.framework/Versions/A/LanguageModeling
0x00007fff4c1fe000 	/System/Library/PrivateFrameworks/CoreEmoji.framework/Versions/A/CoreEmoji
0x00007fff59af3000 	/System/Library/PrivateFrameworks/LinguisticData.framework/Versions/A/LinguisticData
0x00007fff59aa4000 	/System/Library/PrivateFrameworks/Lexicon.framework/Versions/A/Lexicon
0x00007fff6b6ff000 	/usr/lib/libcmph.dylib
0x00007fff3d86c000 	/System/Library/Frameworks/OpenDirectory.framework/Versions/A/Frameworks/CFOpenDirectory.framework/Versions/A/CFOpenDirectory
0x00007fff3d889000 	/System/Library/Frameworks/OpenDirectory.framework/Versions/A/OpenDirectory
0x00007fff45cca000 	/System/Library/PrivateFrameworks/APFS.framework/Versions/A/APFS
0x00007fff40f79000 	/System/Library/Frameworks/SecurityFoundation.framework/Versions/A/SecurityFoundation
0x00007fff6d7c5000 	/usr/lib/libutil.dylib
0x00007fff4d733000 	/System/Library/PrivateFrameworks/CoreServicesStore.framework/Versions/A/CoreServicesStore
0x00007fff41030000 	/System/Library/Frameworks/ServiceManagement.framework/Versions/A/ServiceManagement
0x00007fff493ed000 	/System/Library/PrivateFrameworks/BackgroundTaskManagement.framework/Versions/A/BackgroundTaskManagement
0x00007fff6d8c2000 	/usr/lib/libxslt.1.dylib
0x00007fff48290000 	/System/Library/PrivateFrameworks/AppleSystemInfo.framework/Versions/A/AppleSystemInfo
0x00007fff37423000 	/System/Library/Frameworks/ImageIO.framework/Versions/A/Resources/libJPEG.dylib
0x00007fff376e1000 	/System/Library/Frameworks/ImageIO.framework/Versions/A/Resources/libTIFF.dylib
0x00007fff376c4000 	/System/Library/Frameworks/ImageIO.framework/Versions/A/Resources/libPng.dylib
0x00007fff37365000 	/System/Library/Frameworks/ImageIO.framework/Versions/A/Resources/libGIF.dylib
0x00007fff37369000 	/System/Library/Frameworks/ImageIO.framework/Versions/A/Resources/libJP2.dylib
0x00007fff376df000 	/System/Library/Frameworks/ImageIO.framework/Versions/A/Resources/libRadiance.dylib
0x00007fff6c141000 	/usr/lib/libexpat.1.dylib
0x00007fff47d78000 	/System/Library/PrivateFrameworks/AppleJPEG.framework/Versions/A/AppleJPEG
0x00007fff50a49000 	/System/Library/PrivateFrameworks/FontServices.framework/libFontParser.dylib
0x00007fff672ee000 	/System/Library/PrivateFrameworks/WatchdogClient.framework/Versions/A/WatchdogClient
0x00007fff59030000 	/System/Library/PrivateFrameworks/IOAccelerator.framework/Versions/A/IOAccelerator
0x00007fff39bee000 	/System/Library/Frameworks/MetalPerformanceShaders.framework/Versions/A/MetalPerformanceShaders
0x00007fff557c6000 	/System/Library/PrivateFrameworks/GPUWrangler.framework/Versions/A/GPUWrangler
0x00007fff59045000 	/System/Library/PrivateFrameworks/IOPresentment.framework/Versions/A/IOPresentment
0x00007fff4e2b3000 	/System/Library/PrivateFrameworks/DSExternalDisplay.framework/Versions/A/DSExternalDisplay
0x00007fff3e1fd000 	/System/Library/Frameworks/OpenGL.framework/Versions/A/Libraries/libCoreFSCache.dylib
0x00007fff3993a000 	/System/Library/Frameworks/MetalPerformanceShaders.framework/Frameworks/MPSCore.framework/Versions/A/MPSCore
0x00007fff39978000 	/System/Library/Frameworks/MetalPerformanceShaders.framework/Frameworks/MPSImage.framework/Versions/A/MPSImage
0x00007fff39a3f000 	/System/Library/Frameworks/MetalPerformanceShaders.framework/Frameworks/MPSNeuralNetwork.framework/Versions/A/MPSNeuralNetwork
0x00007fff39a03000 	/System/Library/Frameworks/MetalPerformanceShaders.framework/Frameworks/MPSMatrix.framework/Versions/A/MPSMatrix
0x00007fff39b9e000 	/System/Library/Frameworks/MetalPerformanceShaders.framework/Frameworks/MPSRayIntersector.framework/Versions/A/MPSRayIntersector
0x00007fff39a29000 	/System/Library/Frameworks/MetalPerformanceShaders.framework/Frameworks/MPSNDArray.framework/Versions/A/MPSNDArray
0x00007fff5aeae000 	/System/Library/PrivateFrameworks/MetalTools.framework/Versions/A/MetalTools
0x00007fff46ea4000 	/System/Library/PrivateFrameworks/AggregateDictionary.framework/Versions/A/AggregateDictionary
0x00007fff4bc46000 	/System/Library/PrivateFrameworks/CoreAnalytics.framework/Versions/A/CoreAnalytics
0x00007fff481af000 	/System/Library/PrivateFrameworks/AppleSauce.framework/Versions/A/AppleSauce
0x00007fff6b0ff000 	/usr/lib/libIOReport.dylib
0x00007fff362ef000 	/System/Library/Frameworks/CoreVideo.framework/Versions/A/CoreVideo
0x00007fff56c3f000 	/System/Library/PrivateFrameworks/GraphVisualizer.framework/Versions/A/GraphVisualizer
0x00007fff4ff8f000 	/System/Library/PrivateFrameworks/FaceCore.framework/Versions/A/FaceCore
0x00007fff3d813000 	/System/Library/Frameworks/OpenCL.framework/Versions/A/OpenCL
0x00007fff6af21000 	/usr/lib/libFosl_dynamic.dylib
0x00007fff5c384000 	/System/Library/PrivateFrameworks/OTSVG.framework/Versions/A/OTSVG
0x00007fff324a4000 	/System/Library/Frameworks/ApplicationServices.framework/Versions/A/Frameworks/ATS.framework/Versions/A/Resources/libFontRegistry.dylib
0x00007fff50c1a000 	/System/Library/PrivateFrameworks/FontServices.framework/libhvf.dylib
0x00007fff3e208000 	/System/Library/Frameworks/OpenGL.framework/Versions/A/Libraries/libGFXShared.dylib
0x00007fff3e3e6000 	/System/Library/Frameworks/OpenGL.framework/Versions/A/Libraries/libGLU.dylib
0x00007fff3e211000 	/System/Library/Frameworks/OpenGL.framework/Versions/A/Libraries/libGL.dylib
0x00007fff3e21c000 	/System/Library/Frameworks/OpenGL.framework/Versions/A/Libraries/libGLImage.dylib
0x00007fff3e1fa000 	/System/Library/Frameworks/OpenGL.framework/Versions/A/Libraries/libCVMSPluginSupport.dylib
0x00007fff3e203000 	/System/Library/Frameworks/OpenGL.framework/Versions/A/Libraries/libCoreVMClient.dylib
0x00007fff6cb93000 	/usr/lib/libncurses.5.4.dylib
0x00007fff323a0000 	/System/Library/Frameworks/ApplicationServices.framework/Versions/A/Frameworks/ATS.framework/Versions/A/ATS
0x00007fff3256d000 	/System/Library/Frameworks/ApplicationServices.framework/Versions/A/Frameworks/ColorSyncLegacy.framework/Versions/A/ColorSyncLegacy
0x00007fff3260b000 	/System/Library/Frameworks/ApplicationServices.framework/Versions/A/Frameworks/HIServices.framework/Versions/A/HIServices
0x00007fff32663000 	/System/Library/Frameworks/ApplicationServices.framework/Versions/A/Frameworks/LangAnalysis.framework/Versions/A/LangAnalysis
0x00007fff32672000 	/System/Library/Frameworks/ApplicationServices.framework/Versions/A/Frameworks/PrintCore.framework/Versions/A/PrintCore
0x00007fff326b8000 	/System/Library/Frameworks/ApplicationServices.framework/Versions/A/Frameworks/QD.framework/Versions/A/QD
0x00007fff326c3000 	/System/Library/Frameworks/ApplicationServices.framework/Versions/A/Frameworks/SpeechSynthesis.framework/Versions/A/SpeechSynthesis
0x00007fff3253d000 	/System/Library/Frameworks/ApplicationServices.framework/Versions/A/Frameworks/ATSUI.framework/Versions/A/ATSUI
0x00007fff6bfd7000 	/usr/lib/libcups.2.dylib
0x00007fff38c89000 	/System/Library/Frameworks/Kerberos.framework/Versions/A/Kerberos
0x00007fff36dcb000 	/System/Library/Frameworks/GSS.framework/Versions/A/GSS
0x00007fff6d316000 	/usr/lib/libresolv.9.dylib
0x00007fff56dec000 	/System/Library/PrivateFrameworks/Heimdal.framework/Versions/A/Heimdal
0x00007fff38c9c000 	/System/Library/Frameworks/Kerberos.framework/Versions/A/Libraries/libHeimdalProxy.dylib
0x00007fff6c17e000 	/usr/lib/libheimdal-asn1.dylib
0x00007fff4b0de000 	/System/Library/PrivateFrameworks/CommonAuth.framework/Versions/A/CommonAuth
0x00007fff4832d000 	/System/Library/PrivateFrameworks/AssertionServices.framework/Versions/A/AssertionServices
0x00007fff48ed0000 	/System/Library/PrivateFrameworks/AudioToolboxCore.framework/Versions/A/AudioToolboxCore
0x00007fff67f9c000 	/System/Library/PrivateFrameworks/caulk.framework/Versions/A/caulk
0x00007fff49499000 	/System/Library/PrivateFrameworks/BaseBoard.framework/Versions/A/BaseBoard
0x00007fff605e7000 	/System/Library/PrivateFrameworks/RunningBoardServices.framework/Versions/A/RunningBoardServices
0x00007fff5d5f8000 	/System/Library/PrivateFrameworks/PersistentConnection.framework/Versions/A/PersistentConnection
0x00007fff5ffe0000 	/System/Library/PrivateFrameworks/ProtocolBuffer.framework/Versions/A/ProtocolBuffer
0x00007fff4b102000 	/System/Library/PrivateFrameworks/CommonUtilities.framework/Versions/A/CommonUtilities
0x00007fff49627000 	/System/Library/PrivateFrameworks/Bom.framework/Versions/A/Bom
0x00007fff6add2000 	/usr/lib/libAudioToolboxUtility.dylib
0x00007fff493f7000 	/System/Library/PrivateFrameworks/Backup.framework/Versions/A/Backup
0x00007fff4e1d4000 	/System/Library/PrivateFrameworks/CrashReporterSupport.framework/Versions/A/CrashReporterSupport
0x00007fff62079000 	/System/Library/PrivateFrameworks/Sharing.framework/Versions/A/Sharing
0x00007fff4793b000 	/System/Library/PrivateFrameworks/Apple80211.framework/Versions/A/Apple80211
0x00007fff49114000 	/System/Library/PrivateFrameworks/AuthKit.framework/Versions/A/AuthKit
0x00007fff4dee1000 	/System/Library/PrivateFrameworks/CoreUtils.framework/Versions/A/CoreUtils
0x00007fff36334000 	/System/Library/Frameworks/CoreWLAN.framework/Versions/A/CoreWLAN
0x00007fff36f58000 	/System/Library/Frameworks/IOBluetooth.framework/Versions/A/IOBluetooth
0x00007fff5b1b3000 	/System/Library/PrivateFrameworks/MobileKeyBag.framework/Versions/A/MobileKeyBag
0x00007fff4cce6000 	/System/Library/PrivateFrameworks/CorePhoneNumbers.framework/Versions/A/CorePhoneNumbers
0x00007fff47d2b000 	/System/Library/PrivateFrameworks/AppleIDAuthSupport.framework/Versions/A/AppleIDAuthSupport
0x00007fff3ac8a000 	/System/Library/Frameworks/Network.framework/Versions/A/Network
0x00007fff59881000 	/System/Library/PrivateFrameworks/KeychainCircle.framework/Versions/A/KeychainCircle
0x00007fff33d85000 	/System/Library/Frameworks/CoreBluetooth.framework/Versions/A/CoreBluetooth
0x00007fff640f8000 	/System/Library/PrivateFrameworks/SpeechRecognitionCore.framework/Versions/A/SpeechRecognitionCore
0x00007fff273a7000 	/System/Library/CoreServices/Encodings/libSimplifiedChineseConverter.dylib
0x0000000107e00000 	/Library/Java/JavaVirtualMachines/jdk1.8.0_211.jdk/Contents/Home/jre/lib/server/libjvm.dylib
0x00007fff6d698000 	/usr/lib/libstdc++.6.dylib
0x000000010741f000 	/Library/Java/JavaVirtualMachines/jdk1.8.0_211.jdk/Contents/Home/jre/lib/libverify.dylib
0x000000010742d000 	/Library/Java/JavaVirtualMachines/jdk1.8.0_211.jdk/Contents/Home/jre/lib/libjava.dylib
0x0000000107464000 	/Library/Java/JavaVirtualMachines/jdk1.8.0_211.jdk/Contents/Home/jre/lib/libjdwp.dylib
0x00000001074af000 	/Library/Java/JavaVirtualMachines/jdk1.8.0_211.jdk/Contents/Home/jre/lib/libnpt.dylib
0x00000001074b3000 	/Library/Java/JavaVirtualMachines/jdk1.8.0_211.jdk/Contents/Home/jre/lib/libinstrument.dylib
0x000000010751f000 	/Library/Java/JavaVirtualMachines/jdk1.8.0_211.jdk/Contents/Home/jre/lib/libzip.dylib
0x0000000107588000 	/Library/Java/JavaVirtualMachines/jdk1.8.0_211.jdk/Contents/Home/jre/lib/libdt_socket.dylib

VM Arguments:
jvm_args: -agentlib:jdwp=transport=dt_socket,address=127.0.0.1:58462,suspend=y,server=n -javaagent:/Users/mac/Library/Caches/JetBrains/IdeaIC2020.2/captureAgent/debugger-agent.jar -Dfile.encoding=UTF-8 
java_command: com.leetcode.demo.Main
java_class_path (initial): /Library/Java/JavaVirtualMachines/jdk1.8.0_211.jdk/Contents/Home/jre/lib/charsets.jar:/Library/Java/JavaVirtualMachines/jdk1.8.0_211.jdk/Contents/Home/jre/lib/deploy.jar:/Library/Java/JavaVirtualMachines/jdk1.8.0_211.jdk/Contents/Home/jre/lib/ext/cldrdata.jar:/Library/Java/JavaVirtualMachines/jdk1.8.0_211.jdk/Contents/Home/jre/lib/ext/dnsns.jar:/Library/Java/JavaVirtualMachines/jdk1.8.0_211.jdk/Contents/Home/jre/lib/ext/jaccess.jar:/Library/Java/JavaVirtualMachines/jdk1.8.0_211.jdk/Contents/Home/jre/lib/ext/jfxrt.jar:/Library/Java/JavaVirtualMachines/jdk1.8.0_211.jdk/Contents/Home/jre/lib/ext/localedata.jar:/Library/Java/JavaVirtualMachines/jdk1.8.0_211.jdk/Contents/Home/jre/lib/ext/nashorn.jar:/Library/Java/JavaVirtualMachines/jdk1.8.0_211.jdk/Contents/Home/jre/lib/ext/sunec.jar:/Library/Java/JavaVirtualMachines/jdk1.8.0_211.jdk/Contents/Home/jre/lib/ext/sunjce_provider.jar:/Library/Java/JavaVirtualMachines/jdk1.8.0_211.jdk/Contents/Home/jre/lib/ext/sunpkcs11.jar:/Library/Java/JavaVirtualMachines/jdk1.8.0_211.jdk/Contents/Home/jre/lib/ext/zipfs.jar:/Library/Java/JavaVirtualMachines/jdk1.8.0_211.jdk/Contents/Home/jre/lib/javaws.jar:/Library/Java/JavaVirtualMachines/jdk1.8.0_211.jdk/Contents/Home/jre/lib/jce.jar:/Library/Java/JavaVirtualMachines/jdk1.8.0_211.jdk/Contents/Home/jre/lib/jfr.jar:/Library/Java/JavaVirtualMachines/jdk1.8.0_211.jdk/Contents/Home/jre/lib/jfxswt.jar:/Library/Java/JavaVirtualMachines/jdk1.8.0_211.jdk/Contents/Home/jre/lib/jsse.jar:/Library/Java/JavaVirtualMachines/jdk1.8.0_211.jdk/Contents/Home/jre/lib/management-agent.jar:/Library/Java/JavaVirtualMachines/jdk1.8.0_211.jdk/Contents/Home/jre/lib/plugin.jar:/Library/Java/JavaVirtualMachines/jdk1.8.0_211.jdk/Contents/Home/jre/lib/resources.jar:/Library/Java/JavaVirtualMachines/jdk1.8.0_211.jdk/Contents/Home/jre/lib/rt.jar:/Library/Java/JavaVirtualMachines/jdk1.8.0_211.jdk/Contents/Home/lib/ant-javafx.jar:/Library/Java/JavaVirtualMachines/jdk1.8.0_211.jdk/Contents/Home
Launcher Type: SUN_STANDARD

Environment Variables:
PATH=/usr/local/Cellar/mysql-client/5.7.23/bin:/usr/local/bin:/usr/bin:/bin:/usr/sbin:/sbin:/Users/mac/Library/Android/sdk/tools:/Users/mac/Library/Android/sdk/platform-tools:/Users/mac/Library/Android/sdk/ndk-r10e/toolchains/arm-linux-androideabi-4.9/prebuilt/darwin-x86_64/bin:/Users/mac/Desktop/FFMpeg/ffplay:/Users/mac/Desktop/FFMpeg/ffmpe:/Users/local/bin:/Users/mac/Downloads/gradle-5.1.1/bin:/Applications/flutter/bin
SHELL=/bin/bash

Signal Handlers:
SIGSEGV: [libjvm.dylib+0x5b71a7], sa_mask[0]=11111111011111110111111111111111, sa_flags=SA_ONSTACK|SA_RESTART|SA_SIGINFO
SIGBUS: [libjvm.dylib+0x5b71a7], sa_mask[0]=11111111011111110111111111111111, sa_flags=SA_RESTART|SA_SIGINFO
SIGFPE: [libjvm.dylib+0x48c8fc], sa_mask[0]=11111111011111110111111111111111, sa_flags=SA_RESTART|SA_SIGINFO
SIGPIPE: [libjvm.dylib+0x48c8fc], sa_mask[0]=11111111011111110111111111111111, sa_flags=SA_RESTART|SA_SIGINFO
SIGXFSZ: [libjvm.dylib+0x48c8fc], sa_mask[0]=11111111011111110111111111111111, sa_flags=SA_RESTART|SA_SIGINFO
SIGILL: [libjvm.dylib+0x48c8fc], sa_mask[0]=11111111011111110111111111111111, sa_flags=SA_RESTART|SA_SIGINFO
SIGUSR1: SIG_DFL, sa_mask[0]=00000000000000000000000000000000, sa_flags=none
SIGUSR2: [libjvm.dylib+0x48c41a], sa_mask[0]=00100000000000000000000000000000, sa_flags=SA_RESTART|SA_SIGINFO
SIGHUP: [libjvm.dylib+0x48a9a5], sa_mask[0]=11111111011111110111111111111111, sa_flags=SA_RESTART|SA_SIGINFO
SIGINT: [libjvm.dylib+0x48a9a5], sa_mask[0]=11111111011111110111111111111111, sa_flags=SA_RESTART|SA_SIGINFO
SIGTERM: [libjvm.dylib+0x48a9a5], sa_mask[0]=11111111011111110111111111111111, sa_flags=SA_RESTART|SA_SIGINFO
SIGQUIT: [libjvm.dylib+0x48a9a5], sa_mask[0]=11111111011111110111111111111111, sa_flags=SA_RESTART|SA_SIGINFO


---------------  S Y S T E M  ---------------

OS:Bsduname:Darwin 19.6.0 Darwin Kernel Version 19.6.0: Sun Jul  5 00:43:10 PDT 2020; root:xnu-6153.141.1~9/RELEASE_X86_64 x86_64
rlimit: STACK 8192k, CORE 0k, NPROC 2784, NOFILE 10240, AS infinity
load average:2.74 2.22 2.00

CPU:total 4 (initial active 4) (2 cores per cpu, 2 threads per core) family 6 model 61 stepping 4, cmov, cx8, fxsr, mmx, sse, sse2, sse3, ssse3, sse4.1, sse4.2, popcnt, avx, avx2, aes, clmul, erms, 3dnowpref, lzcnt, ht, tsc, tscinvbit, bmi1, bmi2, adx

Memory: 4k page, physical 16777216k(270036k free)

/proc/meminfo:


vm_info: Java HotSpot(TM) 64-Bit Server VM (25.211-b12) for bsd-amd64 JRE (1.8.0_211-b12), built on Apr  1 2019 20:53:18 by "java_re" with gcc 4.2.1 (Based on Apple Inc. build 5658) (LLVM build 2336.11.00)

time: Sun Mar 14 19:11:45 2021
timezone: CST
elapsed time: 56 seconds (0d 0h 0m 56s)

